TN:
SF:src\app\App.tsx
FN:6,App
FNF:1
FNH:0
FNDA:0,App
DA:7,0
LF:1
LH:0
BRF:0
BRH:0
end_of_record
TN:
SF:src\app\providers\AppProviders.tsx
FN:11,AppProviders
FNF:1
FNH:0
FNDA:0,AppProviders
DA:12,0
LF:1
LH:0
BRF:0
BRH:0
end_of_record
TN:
SF:src\app\providers\AuthProvider.tsx
FN:11,AuthProvider
FN:12,(anonymous_1)
FN:16,(anonymous_2)
FN:19,(anonymous_3)
FN:31,(anonymous_4)
FNF:5
FNH:0
FNDA:0,AuthProvider
FNDA:0,(anonymous_1)
FNDA:0,(anonymous_2)
FNDA:0,(anonymous_3)
FNDA:0,(anonymous_4)
DA:12,0
DA:13,0
DA:16,0
DA:17,0
DA:21,0
DA:24,0
DA:25,0
DA:26,0
DA:29,0
DA:32,0
DA:33,0
DA:39,0
LF:12
LH:0
BRDA:21,0,0,0
BRDA:21,0,1,0
BRDA:24,1,0,0
BRDA:24,1,1,0
BRF:4
BRH:0
end_of_record
TN:
SF:src\app\providers\authContext.ts
FN:11,useAuth
FNF:1
FNH:0
FNDA:0,useAuth
DA:9,0
DA:12,0
DA:14,0
DA:15,0
DA:18,0
LF:5
LH:0
BRDA:14,0,0,0
BRDA:14,0,1,0
BRF:2
BRH:0
end_of_record
TN:
SF:src\app\router\RequireAuth.tsx
FN:10,RequireAuth
FNF:1
FNH:0
FNDA:0,RequireAuth
DA:11,0
DA:12,0
DA:14,0
DA:15,0
DA:18,0
LF:5
LH:0
BRDA:14,0,0,0
BRDA:14,0,1,0
BRF:2
BRH:0
end_of_record
TN:
SF:src\app\router\router.tsx
FNF:0
FNH:0
DA:18,0
LF:1
LH:0
BRF:0
BRH:0
end_of_record
TN:
SF:src\components\common\BrandLogo\BrandLogo.tsx
FN:9,BrandLogo
FNF:1
FNH:0
FNDA:0,BrandLogo
DA:10,0
LF:1
LH:0
BRDA:9,0,0,0
BRDA:11,1,0,0
BRDA:11,1,1,0
BRDA:13,2,0,0
BRDA:13,2,1,0
BRF:5
BRH:0
end_of_record
TN:
SF:src\components\common\BrandLogo\index.ts
FNF:0
FNH:0
LF:0
LH:0
BRF:0
BRH:0
end_of_record
TN:
SF:src\components\common\PlaceholderPage\PlaceholderPage.tsx
FN:10,PlaceholderPage
FNF:1
FNH:0
FNDA:0,PlaceholderPage
DA:14,0
LF:1
LH:0
BRDA:12,0,0,0
BRF:1
BRH:0
end_of_record
TN:
SF:src\components\common\PlaceholderPage\index.ts
FNF:0
FNH:0
LF:0
LH:0
BRF:0
BRH:0
end_of_record
TN:
SF:src\components\mobility\MobilityNavigation\MobilityNavigation.tsx
FN:17,MobilityNavigation
FN:19,(anonymous_1)
FN:24,(anonymous_2)
FN:27,(anonymous_3)
FNF:4
FNH:4
FNDA:29,MobilityNavigation
FNDA:75,(anonymous_1)
FNDA:232,(anonymous_2)
FNDA:368,(anonymous_3)
DA:6,3
DA:18,29
DA:19,75
DA:21,29
DA:25,232
DA:27,368
LF:6
LH:6
BRDA:22,0,0,29
BRDA:22,0,1,0
BRF:2
BRH:1
end_of_record
TN:
SF:src\components\mobility\MobilityNavigation\index.ts
FNF:0
FNH:0
LF:0
LH:0
BRF:0
BRH:0
end_of_record
TN:
SF:src\components\mobility\StationsMap\StationsMap.tsx
FN:29,toNearbyMapStation
FN:43,toFallbackMapStation
FN:61,StationsMap
FN:74,(anonymous_3)
FN:75,(anonymous_4)
FN:90,(anonymous_5)
FN:104,(anonymous_6)
FN:115,(anonymous_7)
FN:121,(anonymous_8)
FN:128,(anonymous_9)
FN:181,(anonymous_10)
FN:184,(anonymous_11)
FN:215,MapViewport
FN:218,(anonymous_13)
FN:225,LoadingState
FN:236,EmptyMapState
FN:253,StationDetails
FN:292,Metric
FN:306,NearbyStations
FN:314,(anonymous_19)
FN:315,(anonymous_20)
FNF:21
FNH:19
FNDA:2,toNearbyMapStation
FNDA:1,toFallbackMapStation
FNDA:27,StationsMap
FNDA:9,(anonymous_3)
FNDA:1,(anonymous_4)
FNDA:7,(anonymous_5)
FNDA:1,(anonymous_6)
FNDA:7,(anonymous_7)
FNDA:1,(anonymous_8)
FNDA:3,(anonymous_9)
FNDA:7,(anonymous_10)
FNDA:3,(anonymous_11)
FNDA:9,MapViewport
FNDA:9,(anonymous_13)
FNDA:17,LoadingState
FNDA:0,EmptyMapState
FNDA:9,StationDetails
FNDA:12,Metric
FNDA:6,NearbyStations
FNDA:4,(anonymous_19)
FNDA:0,(anonymous_20)
DA:30,2
DA:44,1
DA:62,27
DA:63,27
DA:64,27
DA:65,27
DA:66,27
DA:67,27
DA:68,27
DA:69,27
DA:70,27
DA:71,27
DA:72,27
DA:74,27
DA:75,9
DA:76,1
DA:77,1
DA:78,1
DA:80,1
DA:81,1
DA:82,1
DA:84,0
DA:86,1
DA:90,9
DA:91,7
DA:92,7
DA:94,7
DA:95,7
DA:96,6
DA:98,1
DA:100,7
DA:104,9
DA:105,1
DA:106,1
DA:107,1
DA:110,9
DA:111,0
DA:112,0
DA:115,9
DA:117,7
DA:118,7
DA:119,7
DA:120,7
DA:123,1
DA:128,27
DA:129,3
DA:130,3
DA:131,3
DA:133,3
DA:134,2
DA:135,2
DA:138,1
DA:139,1
DA:140,1
DA:142,0
DA:144,1
DA:148,27
DA:150,27
DA:182,7
DA:184,3
DA:216,9
DA:218,9
DA:219,9
DA:222,9
DA:226,17
DA:237,0
DA:254,9
DA:255,5
DA:265,4
DA:266,9
DA:268,9
DA:293,12
DA:307,6
DA:315,4
LF:74
LH:69
BRDA:61,0,0,27
BRDA:110,1,0,0
BRDA:110,1,1,9
BRDA:133,2,0,2
BRDA:133,2,1,1
BRDA:133,3,0,3
BRDA:133,3,1,2
BRDA:148,4,0,27
BRDA:148,4,1,13
BRDA:148,5,0,3
BRDA:148,5,1,10
BRDA:152,6,0,19
BRDA:152,6,1,8
BRDA:161,7,0,9
BRDA:161,7,1,18
BRDA:162,8,0,4
BRDA:162,8,1,23
BRDA:163,9,0,8
BRDA:163,9,1,19
BRDA:164,10,0,1
BRDA:164,10,1,26
BRDA:166,11,0,9
BRDA:166,11,1,18
BRDA:166,12,0,27
BRDA:166,12,1,18
BRDA:166,12,2,10
BRDA:169,13,0,9
BRDA:169,13,1,0
BRDA:176,14,0,6
BRDA:176,14,1,3
BRDA:206,15,0,6
BRDA:206,15,1,3
BRDA:254,16,0,5
BRDA:254,16,1,4
BRDA:265,17,0,4
BRDA:265,17,1,2
BRDA:266,18,0,9
BRDA:266,18,1,2
BRDA:273,19,0,9
BRDA:273,19,1,0
BRDA:278,20,0,2
BRDA:278,20,1,2
BRDA:279,21,0,3
BRDA:279,21,1,1
BRDA:279,22,0,9
BRDA:279,22,1,3
BRDA:280,23,0,3
BRDA:280,23,1,1
BRDA:280,24,0,9
BRDA:280,24,1,3
BRDA:283,25,0,1
BRDA:283,25,1,3
BRDA:284,26,0,0
BRDA:284,26,1,4
BRDA:285,27,0,0
BRDA:285,27,1,4
BRDA:286,28,0,2
BRDA:286,28,1,2
BRDA:310,29,0,2
BRDA:310,29,1,4
BRF:60
BRH:55
end_of_record
TN:
SF:src\components\mobility\StationsMap\index.ts
FNF:0
FNH:0
LF:0
LH:0
BRF:0
BRH:0
end_of_record
TN:
SF:src\config\demoAuth.ts
FNF:0
FNH:0
DA:1,0
DA:6,0
LF:2
LH:0
BRF:0
BRH:0
end_of_record
TN:
SF:src\config\env.ts
FNF:0
FNH:0
DA:1,0
DA:3,0
LF:2
LH:0
BRDA:4,0,0,0
BRDA:4,0,1,0
BRF:2
BRH:0
end_of_record
TN:
SF:src\layouts\AuthLayout\AuthLayout.tsx
FN:8,AuthLayout
FNF:1
FNH:0
FNDA:0,AuthLayout
DA:9,0
LF:1
LH:0
BRF:0
BRH:0
end_of_record
TN:
SF:src\layouts\AuthLayout\index.ts
FNF:0
FNH:0
LF:0
LH:0
BRF:0
BRH:0
end_of_record
TN:
SF:src\layouts\MainLayout\MainLayout.tsx
FN:61,MainLayout
FN:117,(anonymous_1)
FN:122,(anonymous_2)
FN:136,(anonymous_3)
FN:141,(anonymous_4)
FN:171,NavigationLink
FNF:6
FNH:0
FNDA:0,MainLayout
FNDA:0,(anonymous_1)
FNDA:0,(anonymous_2)
FNDA:0,(anonymous_3)
FNDA:0,(anonymous_4)
FNDA:0,NavigationLink
DA:40,0
DA:55,0
DA:62,0
DA:63,0
DA:64,0
DA:65,0
DA:66,0
DA:67,0
DA:68,0
DA:70,0
DA:118,0
DA:123,0
DA:124,0
DA:125,0
DA:128,0
DA:129,0
DA:137,0
DA:142,0
DA:143,0
DA:172,0
DA:174,0
DA:181,0
LF:22
LH:0
BRDA:67,0,0,0
BRDA:67,0,1,0
BRDA:68,1,0,0
BRDA:68,1,1,0
BRDA:90,2,0,0
BRDA:90,2,1,0
BRDA:123,3,0,0
BRDA:123,3,1,0
BRDA:128,4,0,0
BRDA:128,4,1,0
BRDA:142,5,0,0
BRDA:142,5,1,0
BRDA:174,6,0,0
BRDA:174,6,1,0
BRDA:176,7,0,0
BRDA:176,7,1,0
BRDA:177,8,0,0
BRDA:177,8,1,0
BRDA:186,9,0,0
BRDA:186,9,1,0
BRF:20
BRH:0
end_of_record
TN:
SF:src\layouts\MainLayout\index.ts
FNF:0
FNH:0
LF:0
LH:0
BRF:0
BRH:0
end_of_record
TN:
SF:src\pages\ActiveTrip\index.tsx
FN:3,ActiveTripPage
FNF:1
FNH:0
FNDA:0,ActiveTripPage
DA:4,0
LF:1
LH:0
BRF:0
BRH:0
end_of_record
TN:
SF:src\pages\Administration\index.tsx
FN:3,AdministrationPage
FNF:1
FNH:0
FNDA:0,AdministrationPage
DA:4,0
LF:1
LH:0
BRF:0
BRH:0
end_of_record
TN:
SF:src\pages\Bicycles\index.tsx
FN:3,BicyclesPage
FNF:1
FNH:0
FNDA:0,BicyclesPage
DA:4,0
LF:1
LH:0
BRF:0
BRH:0
end_of_record
TN:
SF:src\pages\History\index.tsx
FN:3,HistoryPage
FNF:1
FNH:0
FNDA:0,HistoryPage
DA:4,0
LF:1
LH:0
BRF:0
BRH:0
end_of_record
TN:
SF:src\pages\Home\index.tsx
FN:3,HomePage
FNF:1
FNH:0
FNDA:0,HomePage
DA:4,0
LF:1
LH:0
BRF:0
BRH:0
end_of_record
TN:
SF:src\pages\Login\index.tsx
FN:15,LoginPage
FN:25,(anonymous_1)
FN:59,(anonymous_2)
FN:65,(anonymous_3)
FNF:4
FNH:0
FNDA:0,LoginPage
FNDA:0,(anonymous_1)
FNDA:0,(anonymous_2)
FNDA:0,(anonymous_3)
DA:16,0
DA:17,0
DA:18,0
DA:19,0
DA:20,0
DA:21,0
DA:22,0
DA:23,0
DA:25,0
DA:26,0
DA:27,0
DA:29,0
DA:30,0
DA:31,0
DA:34,0
DA:37,0
DA:59,0
DA:65,0
LF:18
LH:0
BRDA:23,0,0,0
BRDA:23,0,1,0
BRDA:29,1,0,0
BRDA:29,1,1,0
BRDA:49,2,0,0
BRDA:49,2,1,0
BRF:6
BRH:0
end_of_record
TN:
SF:src\pages\Map\index.tsx
FN:6,MapPage
FNF:1
FNH:1
FNDA:6,MapPage
DA:7,6
LF:1
LH:1
BRF:0
BRH:0
end_of_record
TN:
SF:src\pages\Mobility\index.tsx
FN:28,MobilityPage
FN:44,(anonymous_1)
FN:54,MobilityAreaCard
FN:73,(anonymous_3)
FNF:4
FNH:4
FNDA:3,MobilityPage
FNDA:21,(anonymous_1)
FNDA:21,MobilityAreaCard
FNDA:6,(anonymous_3)
DA:18,1
DA:29,3
DA:44,21
DA:55,21
DA:57,21
DA:68,21
DA:69,15
DA:72,6
DA:73,6
LF:9
LH:9
BRDA:68,0,0,15
BRDA:68,0,1,6
BRDA:73,1,0,0
BRDA:73,1,1,6
BRF:4
BRH:3
end_of_record
TN:
SF:src\pages\Reports\index.tsx
FN:3,ReportsPage
FNF:1
FNH:0
FNDA:0,ReportsPage
DA:4,0
LF:1
LH:0
BRF:0
BRH:0
end_of_record
TN:
SF:src\pages\Stations\index.tsx
FN:30,StationsPage
FN:39,(anonymous_1)
FN:50,(anonymous_2)
FN:54,(anonymous_3)
FN:60,(anonymous_4)
FN:116,LoadingState
FN:131,ErrorState
FN:144,EmptyState
FN:166,StationsTable
FN:167,(anonymous_9)
FN:183,(anonymous_10)
FN:227,AvailabilityPanel
FN:259,AvailabilityDetails
FN:292,AvailabilityMetric
FNF:14
FNH:13
FNDA:20,StationsPage
FNDA:8,(anonymous_1)
FNDA:8,(anonymous_2)
FNDA:0,(anonymous_3)
FNDA:3,(anonymous_4)
FNDA:8,LoadingState
FNDA:1,ErrorState
FNDA:1,EmptyState
FNDA:10,StationsTable
FNDA:10,(anonymous_9)
FNDA:3,(anonymous_10)
FNDA:10,AvailabilityPanel
FNDA:2,AvailabilityDetails
FNDA:6,AvailabilityMetric
DA:24,1
DA:31,20
DA:32,20
DA:33,20
DA:34,20
DA:35,20
DA:36,20
DA:37,20
DA:39,20
DA:40,8
DA:41,8
DA:42,7
DA:44,1
DA:46,8
DA:50,20
DA:51,8
DA:54,20
DA:55,0
DA:56,0
DA:57,0
DA:60,20
DA:61,3
DA:62,3
DA:63,3
DA:64,3
DA:66,3
DA:67,3
DA:69,1
DA:71,3
DA:75,20
DA:117,8
DA:132,1
DA:145,1
DA:167,10
DA:168,10
DA:183,3
DA:193,10
DA:228,10
DA:260,2
DA:293,6
LF:40
LH:37
BRDA:94,0,0,8
BRDA:94,0,1,12
BRDA:95,1,0,1
BRDA:95,1,1,19
BRDA:96,2,0,1
BRDA:96,2,1,19
BRDA:96,3,0,20
BRDA:96,3,1,12
BRDA:96,3,2,11
BRDA:97,4,0,10
BRDA:97,4,1,10
BRDA:97,5,0,20
BRDA:97,5,1,12
BRDA:97,5,2,11
BRDA:168,6,0,6
BRDA:168,6,1,4
BRDA:172,7,0,10
BRDA:172,7,1,0
BRDA:234,8,0,4
BRDA:234,8,1,6
BRDA:239,9,0,3
BRDA:239,9,1,7
BRDA:245,10,0,1
BRDA:245,10,1,9
BRDA:250,11,0,2
BRDA:250,11,1,8
BRDA:278,12,0,1
BRDA:278,12,1,1
BRF:28
BRH:27
end_of_record
TN:
SF:src\services\http\httpClient.ts
FNF:0
FNH:0
DA:5,0
LF:1
LH:0
BRF:0
BRH:0
end_of_record
TN:
SF:src\services\stations\stationService.ts
FN:16,getAll
FN:21,getAvailability
FN:26,getNearby
FNF:3
FNH:3
FNDA:1,getAll
FNDA:1,getAvailability
FNDA:1,getNearby
DA:6,1
DA:15,1
DA:17,1
DA:18,1
DA:22,1
DA:23,1
DA:27,1
DA:35,1
LF:8
LH:8
BRDA:31,0,0,1
BRDA:31,0,1,0
BRDA:32,1,0,1
BRDA:32,1,1,0
BRF:4
BRH:2
end_of_record
TN:
SF:src\styles\palette.ts
FNF:0
FNH:0
DA:1,3
LF:1
LH:1
BRF:0
BRH:0
end_of_record
TN:
SF:src\styles\theme.ts
FNF:0
FNH:0
DA:5,3
LF:1
LH:1
BRF:0
BRH:0
end_of_record
TN:
SF:src\types\nearbyStation.ts
FNF:0
FNH:0
LF:0
LH:0
BRF:0
BRH:0
end_of_record
TN:
SF:src\types\station.ts
FNF:0
FNH:0
LF:0
LH:0
BRF:0
BRH:0
end_of_record
TN:
SF:src\types\stationAvailability.ts
FNF:0
FNH:0
LF:0
LH:0
BRF:0
BRH:0
end_of_record
