TN:
SF:src\app\App.tsx
FN:6,App
FNF:1
FNH:0
FNDA:0,App
DA:7,0
LF:1
LH:0
BRF:0
BRH:0
end_of_record
TN:
SF:src\app\providers\AppProviders.tsx
FN:11,AppProviders
FNF:1
FNH:0
FNDA:0,AppProviders
DA:12,0
LF:1
LH:0
BRF:0
BRH:0
end_of_record
TN:
SF:src\app\providers\AuthProvider.tsx
FN:11,AuthProvider
FN:12,(anonymous_1)
FN:16,(anonymous_2)
FN:19,(anonymous_3)
FN:31,(anonymous_4)
FNF:5
FNH:0
FNDA:0,AuthProvider
FNDA:0,(anonymous_1)
FNDA:0,(anonymous_2)
FNDA:0,(anonymous_3)
FNDA:0,(anonymous_4)
DA:12,0
DA:13,0
DA:16,0
DA:17,0
DA:21,0
DA:24,0
DA:25,0
DA:26,0
DA:29,0
DA:32,0
DA:33,0
DA:39,0
LF:12
LH:0
BRDA:21,0,0,0
BRDA:21,0,1,0
BRDA:24,1,0,0
BRDA:24,1,1,0
BRF:4
BRH:0
end_of_record
TN:
SF:src\app\providers\authContext.ts
FN:11,useAuth
FNF:1
FNH:0
FNDA:0,useAuth
DA:9,0
DA:12,0
DA:14,0
DA:15,0
DA:18,0
LF:5
LH:0
BRDA:14,0,0,0
BRDA:14,0,1,0
BRF:2
BRH:0
end_of_record
TN:
SF:src\app\router\RequireAuth.tsx
FN:10,RequireAuth
FNF:1
FNH:0
FNDA:0,RequireAuth
DA:11,0
DA:12,0
DA:14,0
DA:15,0
DA:18,0
LF:5
LH:0
BRDA:14,0,0,0
BRDA:14,0,1,0
BRF:2
BRH:0
end_of_record
TN:
SF:src\app\router\router.tsx
FNF:0
FNH:0
DA:18,0
LF:1
LH:0
BRF:0
BRH:0
end_of_record
TN:
SF:src\components\common\BrandLogo\BrandLogo.tsx
FN:9,BrandLogo
FNF:1
FNH:0
FNDA:0,BrandLogo
DA:10,0
LF:1
LH:0
BRDA:9,0,0,0
BRDA:11,1,0,0
BRDA:11,1,1,0
BRDA:13,2,0,0
BRDA:13,2,1,0
BRF:5
BRH:0
end_of_record
TN:
SF:src\components\common\BrandLogo\index.ts
FNF:0
FNH:0
LF:0
LH:0
BRF:0
BRH:0
end_of_record
TN:
SF:src\components\common\PlaceholderPage\PlaceholderPage.tsx
FN:10,PlaceholderPage
FNF:1
FNH:0
FNDA:0,PlaceholderPage
DA:14,0
LF:1
LH:0
BRDA:12,0,0,0
BRF:1
BRH:0
end_of_record
TN:
SF:src\components\common\PlaceholderPage\index.ts
FNF:0
FNH:0
LF:0
LH:0
BRF:0
BRH:0
end_of_record
TN:
SF:src\config\demoAuth.ts
FNF:0
FNH:0
DA:1,0
DA:6,0
LF:2
LH:0
BRF:0
BRH:0
end_of_record
TN:
SF:src\config\env.ts
FNF:0
FNH:0
DA:1,0
DA:3,0
LF:2
LH:0
BRDA:4,0,0,0
BRDA:4,0,1,0
BRF:2
BRH:0
end_of_record
TN:
SF:src\layouts\AuthLayout\AuthLayout.tsx
FN:8,AuthLayout
FNF:1
FNH:0
FNDA:0,AuthLayout
DA:9,0
LF:1
LH:0
BRF:0
BRH:0
end_of_record
TN:
SF:src\layouts\AuthLayout\index.ts
FNF:0
FNH:0
LF:0
LH:0
BRF:0
BRH:0
end_of_record
TN:
SF:src\layouts\MainLayout\MainLayout.tsx
FN:61,MainLayout
FN:117,(anonymous_1)
FN:122,(anonymous_2)
FN:136,(anonymous_3)
FN:141,(anonymous_4)
FN:171,NavigationLink
FNF:6
FNH:0
FNDA:0,MainLayout
FNDA:0,(anonymous_1)
FNDA:0,(anonymous_2)
FNDA:0,(anonymous_3)
FNDA:0,(anonymous_4)
FNDA:0,NavigationLink
DA:40,0
DA:55,0
DA:62,0
DA:63,0
DA:64,0
DA:65,0
DA:66,0
DA:67,0
DA:68,0
DA:70,0
DA:118,0
DA:123,0
DA:124,0
DA:125,0
DA:128,0
DA:129,0
DA:137,0
DA:142,0
DA:143,0
DA:172,0
DA:174,0
DA:181,0
LF:22
LH:0
BRDA:67,0,0,0
BRDA:67,0,1,0
BRDA:68,1,0,0
BRDA:68,1,1,0
BRDA:90,2,0,0
BRDA:90,2,1,0
BRDA:123,3,0,0
BRDA:123,3,1,0
BRDA:128,4,0,0
BRDA:128,4,1,0
BRDA:142,5,0,0
BRDA:142,5,1,0
BRDA:174,6,0,0
BRDA:174,6,1,0
BRDA:176,7,0,0
BRDA:176,7,1,0
BRDA:177,8,0,0
BRDA:177,8,1,0
BRDA:186,9,0,0
BRDA:186,9,1,0
BRF:20
BRH:0
end_of_record
TN:
SF:src\layouts\MainLayout\index.ts
FNF:0
FNH:0
LF:0
LH:0
BRF:0
BRH:0
end_of_record
TN:
SF:src\pages\ActiveTrip\index.tsx
FN:3,ActiveTripPage
FNF:1
FNH:0
FNDA:0,ActiveTripPage
DA:4,0
LF:1
LH:0
BRF:0
BRH:0
end_of_record
TN:
SF:src\pages\Administration\index.tsx
FN:3,AdministrationPage
FNF:1
FNH:0
FNDA:0,AdministrationPage
DA:4,0
LF:1
LH:0
BRF:0
BRH:0
end_of_record
TN:
SF:src\pages\Bicycles\index.tsx
FN:3,BicyclesPage
FNF:1
FNH:0
FNDA:0,BicyclesPage
DA:4,0
LF:1
LH:0
BRF:0
BRH:0
end_of_record
TN:
SF:src\pages\History\index.tsx
FN:3,HistoryPage
FNF:1
FNH:0
FNDA:0,HistoryPage
DA:4,0
LF:1
LH:0
BRF:0
BRH:0
end_of_record
TN:
SF:src\pages\Home\index.tsx
FN:3,HomePage
FNF:1
FNH:0
FNDA:0,HomePage
DA:4,0
LF:1
LH:0
BRF:0
BRH:0
end_of_record
TN:
SF:src\pages\Login\index.tsx
FN:15,LoginPage
FN:25,(anonymous_1)
FN:59,(anonymous_2)
FN:65,(anonymous_3)
FNF:4
FNH:0
FNDA:0,LoginPage
FNDA:0,(anonymous_1)
FNDA:0,(anonymous_2)
FNDA:0,(anonymous_3)
DA:16,0
DA:17,0
DA:18,0
DA:19,0
DA:20,0
DA:21,0
DA:22,0
DA:23,0
DA:25,0
DA:26,0
DA:27,0
DA:29,0
DA:30,0
DA:31,0
DA:34,0
DA:37,0
DA:59,0
DA:65,0
LF:18
LH:0
BRDA:23,0,0,0
BRDA:23,0,1,0
BRDA:29,1,0,0
BRDA:29,1,1,0
BRDA:49,2,0,0
BRDA:49,2,1,0
BRF:6
BRH:0
end_of_record
TN:
SF:src\pages\Map\index.tsx
FN:3,MapPage
FNF:1
FNH:0
FNDA:0,MapPage
DA:4,0
LF:1
LH:0
BRF:0
BRH:0
end_of_record
TN:
SF:src\pages\Mobility\index.tsx
FN:61,MobilityPage
FN:95,(anonymous_1)
FN:183,(anonymous_2)
FN:212,NearbyStation
FNF:4
FNH:0
FNDA:0,MobilityPage
FNDA:0,(anonymous_1)
FNDA:0,(anonymous_2)
FNDA:0,NearbyStation
DA:34,0
DA:48,0
DA:62,0
DA:96,0
DA:184,0
DA:186,0
DA:213,0
LF:7
LH:0
BRF:0
BRH:0
end_of_record
TN:
SF:src\pages\Reports\index.tsx
FN:3,ReportsPage
FNF:1
FNH:0
FNDA:0,ReportsPage
DA:4,0
LF:1
LH:0
BRF:0
BRH:0
end_of_record
TN:
SF:src\pages\Stations\index.tsx
FN:3,StationsPage
FNF:1
FNH:0
FNDA:0,StationsPage
DA:4,0
LF:1
LH:0
BRF:0
BRH:0
end_of_record
TN:
SF:src\services\http\httpClient.ts
FNF:0
FNH:0
DA:5,0
LF:1
LH:0
BRF:0
BRH:0
end_of_record
TN:
SF:src\styles\palette.ts
FNF:0
FNH:0
DA:1,0
LF:1
LH:0
BRF:0
BRH:0
end_of_record
TN:
SF:src\styles\theme.ts
FNF:0
FNH:0
DA:5,0
LF:1
LH:0
BRF:0
BRH:0
end_of_record
